<?xml version="1.0" encoding="UTF-8"?>
<!-- Generated by org.testng.reporters.JUnitXMLReporter -->
<testsuite ignored="1" hostname="LAPTOP-112CTCC4" failures="0" tests="1" name="Default test" time="8.095" errors="0" timestamp="2021-09-02T11:09:39 IST">
  <testcase classname="MavenProject.e2efw.bookfinding" name="contactus_details" time="8.056"/>
  <testcase classname="MavenProject.e2efw.bookfinding" name="click_on_book" time="0.0">
    <ignored/>
  </testcase> <!-- click_on_book -->
</testsuite> <!-- Default test -->
