<?xml version="1.0" encoding="UTF-8"?>
<testng-results ignored="0" total="3" passed="3" failed="0" skipped="0">
  <reporter-output>
  </reporter-output>
  <suite started-at="2021-09-02T13:23:58 IST" name="Suite" finished-at="2021-09-02T13:24:28 IST" duration-ms="29293">
    <groups>
    </groups>
    <test started-at="2021-09-02T13:23:58 IST" name="Test" finished-at="2021-09-02T13:24:28 IST" duration-ms="29293">
      <class name="MavenProject.e2efw.bookfinding">
        <test-method signature="click_on_book()[pri:0, instance:MavenProject.e2efw.bookfinding@147a5d08]" started-at="2021-09-02T13:24:11 IST" name="click_on_book" finished-at="2021-09-02T13:24:18 IST" duration-ms="7174" status="PASS">
          <reporter-output>
          </reporter-output>
        </test-method> <!-- click_on_book -->
        <test-method signature="contactus_details()[pri:0, instance:MavenProject.e2efw.bookfinding@147a5d08]" started-at="2021-09-02T13:24:18 IST" name="contactus_details" finished-at="2021-09-02T13:24:28 IST" duration-ms="9234" status="PASS">
          <reporter-output>
          </reporter-output>
        </test-method> <!-- contactus_details -->
      </class> <!-- MavenProject.e2efw.bookfinding -->
      <class name="MavenProject.e2efw.searchPage">
        <test-method signature="pageSearching()[pri:0, instance:MavenProject.e2efw.searchPage@f99f5e0]" started-at="2021-09-02T13:23:58 IST" name="pageSearching" finished-at="2021-09-02T13:24:11 IST" duration-ms="12814" status="PASS">
          <reporter-output>
          </reporter-output>
        </test-method> <!-- pageSearching -->
      </class> <!-- MavenProject.e2efw.searchPage -->
    </test> <!-- Test -->
  </suite> <!-- Suite -->
</testng-results>
